This is pdfTeX, Version 3.1415926-2.5-1.40.14 (MiKTeX 2.9 64-bit) (preloaded format=pdftex 2015.5.27)  27 MAY 2015 16:52
entering extended mode
**C:/Users/Mourad*Akh/Documents/HEB*-*ESI*-*BAC*3/STAGE/Rapport*de*stage/refere
nces.bib

("C:/Users/Mourad Akh/Documents/HEB - ESI - BAC 3/STAGE/Rapport de stage/refere
nces.bib"
Missing character: There is no Ã in font cmr10!
Missing character: There is no ƒ in font cmr10!
Missing character: There is no Â in font cmr10!
Missing character: There is no ¨ in font cmr10!
Missing character: There is no Ã in font cmr10!
Missing character: There is no ƒ in font cmr10!
Missing character: There is no Ã in font cmr10!
Missing character: There is no ƒ in font cmr10!
Missing character: There is no Â in font cmr10!
Missing character: There is no © in font cmr10!
)
*
! Emergency stop.
<*> ...BAC*3/STAGE/Rapport*de*stage/references.bib
                                                  
End of file on the terminal!

!  ==> Fatal error occurred, no output PDF file produced!
